<?xml version="1.0" encoding="UTF-8"?>
<testng-results skipped="0" failed="0" ignored="0" total="1" passed="1">
  <reporter-output>
  </reporter-output>
  <suite name="Default suite" duration-ms="220937" started-at="2019-05-30T04:07:18Z" finished-at="2019-05-30T04:10:59Z">
    <groups>
    </groups>
    <test name="Default test" duration-ms="220937" started-at="2019-05-30T04:07:18Z" finished-at="2019-05-30T04:10:59Z">
      <class name="imageSearch.testCases.TC_ImageSearch_001">
        <test-method status="PASS" signature="setup()[pri:0, instance:imageSearch.testCases.TC_ImageSearch_001@1794d431]" name="setup" is-config="true" duration-ms="3935" started-at="2019-05-30T04:07:18Z" finished-at="2019-05-30T04:07:22Z">
          <reporter-output>
          </reporter-output>
        </test-method> <!-- setup -->
        <test-method status="PASS" signature="image()[pri:0, instance:imageSearch.testCases.TC_ImageSearch_001@1794d431]" name="image" duration-ms="216981" started-at="2019-05-30T04:07:22Z" finished-at="2019-05-30T04:10:59Z">
          <reporter-output>
          </reporter-output>
        </test-method> <!-- image -->
      </class> <!-- imageSearch.testCases.TC_ImageSearch_001 -->
    </test> <!-- Default test -->
  </suite> <!-- Default suite -->
</testng-results>
